<?xml version="1.0" encoding="UTF-8"?>
<testsuite xmlns:xsi="http://www.w3.org/2001/XMLSchema-instance" xsi:noNamespaceSchemaLocation="https://maven.apache.org/surefire/maven-surefire-plugin/xsd/surefire-test-report-3.0.xsd" version="3.0" name="com.careld.common.utils.MaskUtilTest" time="0.023" tests="3" errors="0" skipped="0" failures="0">
  <properties>
[...]
</properties>
  <testcase name="testMaskPhone" classname="com.careld.common.utils.MaskUtilTest" time="0.011"/>
  <testcase name="testMaskName" classname="com.careld.common.utils.MaskUtilTest" time="0.001"/>
  <testcase name="testMaskIdCard" classname="com.careld.common.utils.MaskUtilTest" time="0.001"/>
</testsuite>